Build started 26/02/2015 03:38:38.
     1>Project "C:\Users\SamAmco\Documents\Visual Studio 2013\Projects\GameSimCoursework\GameSimCoursework\GameSimCoursework.vcxproj" on node 2 (Build target(s)).
     1>Link:
         C:\Program Files (x86)\Microsoft Visual Studio 12.0\VC\bin\link.exe /ERRORREPORT:PROMPT /OUT:"C:\Users\SamAmco\Documents\Visual Studio 2013\Projects\GameSimCoursework\GameSimCoursework\Debug\GameSimCoursework.exe" /INCREMENTAL /NOLOGO kernel32.lib user32.lib gdi32.lib winspool.lib comdlg32.lib advapi32.lib shell32.lib ole32.lib oleaut32.lib uuid.lib odbc32.lib odbccp32.lib /MANIFEST /MANIFESTUAC:"level='asInvoker' uiAccess='false'" /manifest:embed /DEBUG /PDB:"C:\Users\SamAmco\Documents\Visual Studio 2013\Projects\GameSimCoursework\GameSimCoursework\Debug\GameSimCoursework.pdb" /TLBID:1 /DYNAMICBASE /NXCOMPAT /IMPLIB:"C:\Users\SamAmco\Documents\Visual Studio 2013\Projects\GameSimCoursework\GameSimCoursework\Debug\GameSimCoursework.lib" /MACHINE:X86 Debug\Cube.obj
         Debug\main.obj
         Debug\Mesh.obj
         Debug\PhysicsEngine.obj
         Debug\PhysicsMaths.obj
         Debug\PlaneCollider.obj
         Debug\Renderer.obj
         Debug\RenderObject.obj
         Debug\RigidBody.obj
         Debug\Shader.obj
         Debug\Sphere.obj
         Debug\SphereCollider.obj
     1>Shader.obj : warning LNK4049: locally defined symbol ___glewAttachShader imported
     1>Shader.obj : warning LNK4049: locally defined symbol ___glewBindAttribLocation imported
     1>Shader.obj : warning LNK4049: locally defined symbol ___glewCompileShader imported
     1>Shader.obj : warning LNK4049: locally defined symbol ___glewCreateProgram imported
     1>Shader.obj : warning LNK4049: locally defined symbol ___glewCreateShader imported
     1>Shader.obj : warning LNK4049: locally defined symbol ___glewDeleteProgram imported
     1>Shader.obj : warning LNK4049: locally defined symbol ___glewDeleteShader imported
     1>Shader.obj : warning LNK4049: locally defined symbol ___glewDetachShader imported
     1>Shader.obj : warning LNK4049: locally defined symbol ___glewGetProgramInfoLog imported
     1>Shader.obj : warning LNK4049: locally defined symbol ___glewGetProgramiv imported
     1>Shader.obj : warning LNK4049: locally defined symbol ___glewGetShaderiv imported
     1>Shader.obj : warning LNK4049: locally defined symbol ___glewLinkProgram imported
     1>Shader.obj : warning LNK4049: locally defined symbol ___glewShaderSource imported
     1>Shader.obj : warning LNK4049: locally defined symbol ___glewGetInfoLogARB imported
     1>glew32sd.lib(glew.obj) : warning LNK4204: 'C:\Users\SamAmco\Documents\Visual Studio 2013\Projects\GameSimCoursework\GameSimCoursework\Debug\vc120.pdb' is missing debugging information for referencing module; linking object as if no debug info
         GameSimCoursework.vcxproj -> C:\Users\SamAmco\Documents\Visual Studio 2013\Projects\GameSimCoursework\GameSimCoursework\Debug\GameSimCoursework.exe
     1>Done Building Project "C:\Users\SamAmco\Documents\Visual Studio 2013\Projects\GameSimCoursework\GameSimCoursework\GameSimCoursework.vcxproj" (Build target(s)).

Build succeeded.

Time Elapsed 00:00:00.75
