Build started 18/02/2015 18:48:31.
     1>Project "C:\Users\SamAmco\Documents\Visual Studio 2013\Projects\GameSimCoursework\OpenGLGraphics\OpenGLGraphics.vcxproj" on node 2 (Build target(s)).
     1>C:\Program Files (x86)\MSBuild\Microsoft.Cpp\v4.0\V120\Microsoft.CppBuild.targets(388,5): warning MSB8028: The intermediate directory (Debug\) contains files shared from another project (OpenGLGraphics.vcxproj).  This can lead to incorrect clean and rebuild behavior.
     1>ClCompile:
         C:\Program Files (x86)\Microsoft Visual Studio 12.0\VC\bin\CL.exe /c /ZI /nologo /W3 /WX- /Od /Oy- /D _MBCS /Gm /EHsc /RTC1 /MDd /GS /fp:precise /Zc:wchar_t /Zc:forScope /Fo"Debug\\" /Fd"Debug\vc120.pdb" /Gd /TP /analyze- /errorReport:prompt Cube.cpp main.cpp Mesh.cpp Renderer.cpp RenderObject.cpp Shader.cpp
         main.cpp
         Cube.cpp
         Generating Code...
         Skipping... (no relevant changes detected)
         Shader.cpp
         RenderObject.cpp
         Renderer.cpp
         Mesh.cpp
       Link:
         C:\Program Files (x86)\Microsoft Visual Studio 12.0\VC\bin\link.exe /ERRORREPORT:PROMPT /OUT:"C:\Users\SamAmco\Documents\Visual Studio 2013\Projects\GameSimCoursework\OpenGLGraphics\Debug\GameSimCoursework.exe" /INCREMENTAL /NOLOGO kernel32.lib user32.lib gdi32.lib winspool.lib comdlg32.lib advapi32.lib shell32.lib ole32.lib oleaut32.lib uuid.lib odbc32.lib odbccp32.lib /MANIFEST /MANIFESTUAC:"level='asInvoker' uiAccess='false'" /manifest:embed /DEBUG /PDB:"C:\Users\SamAmco\Documents\Visual Studio 2013\Projects\GameSimCoursework\OpenGLGraphics\Debug\GameSimCoursework.pdb" /TLBID:1 /DYNAMICBASE /NXCOMPAT /IMPLIB:"C:\Users\SamAmco\Documents\Visual Studio 2013\Projects\GameSimCoursework\OpenGLGraphics\Debug\GameSimCoursework.lib" /MACHINE:X86 Debug\Cube.obj
         Debug\main.obj
         Debug\Mesh.obj
         Debug\Renderer.obj
         Debug\RenderObject.obj
         Debug\Shader.obj
     1>Shader.obj : warning LNK4049: locally defined symbol ___glewAttachShader imported
     1>Shader.obj : warning LNK4049: locally defined symbol ___glewBindAttribLocation imported
     1>Shader.obj : warning LNK4049: locally defined symbol ___glewCompileShader imported
     1>Shader.obj : warning LNK4049: locally defined symbol ___glewCreateProgram imported
     1>Shader.obj : warning LNK4049: locally defined symbol ___glewCreateShader imported
     1>Shader.obj : warning LNK4049: locally defined symbol ___glewDeleteProgram imported
     1>Shader.obj : warning LNK4049: locally defined symbol ___glewDeleteShader imported
     1>Shader.obj : warning LNK4049: locally defined symbol ___glewDetachShader imported
     1>Shader.obj : warning LNK4049: locally defined symbol ___glewGetProgramInfoLog imported
     1>Shader.obj : warning LNK4049: locally defined symbol ___glewGetProgramiv imported
     1>Shader.obj : warning LNK4049: locally defined symbol ___glewGetShaderiv imported
     1>Shader.obj : warning LNK4049: locally defined symbol ___glewLinkProgram imported
     1>Shader.obj : warning LNK4049: locally defined symbol ___glewShaderSource imported
     1>Shader.obj : warning LNK4049: locally defined symbol ___glewGetInfoLogARB imported
     1>glew32sd.lib(glew.obj) : warning LNK4204: 'C:\Users\SamAmco\Documents\Visual Studio 2013\Projects\GameSimCoursework\OpenGLGraphics\Debug\vc120.pdb' is missing debugging information for referencing module; linking object as if no debug info
         OpenGLGraphics.vcxproj -> C:\Users\SamAmco\Documents\Visual Studio 2013\Projects\GameSimCoursework\OpenGLGraphics\Debug\GameSimCoursework.exe
     1>Done Building Project "C:\Users\SamAmco\Documents\Visual Studio 2013\Projects\GameSimCoursework\OpenGLGraphics\OpenGLGraphics.vcxproj" (Build target(s)).

Build succeeded.

Time Elapsed 00:00:03.72
